<?xml version="1.0" encoding="UTF-8"?>
<testng-results skipped="0" failed="0" ignored="0" total="5" passed="5">
  <reporter-output>
  </reporter-output>
  <suite name="Suite" duration-ms="94945" started-at="2018-06-22T18:07:36Z" finished-at="2018-06-22T18:09:11Z">
    <groups>
    </groups>
    <test name="Test" duration-ms="94945" started-at="2018-06-22T18:07:36Z" finished-at="2018-06-22T18:09:11Z">
      <class name="way2SmsLogin.Test1">
        <test-method status="PASS" signature="launch()[pri:0, instance:way2SmsLogin.Test1@2a5ca609]" name="launch" duration-ms="40878" started-at="2018-06-22T18:07:36Z" finished-at="2018-06-22T18:08:17Z">
          <reporter-output>
          </reporter-output>
        </test-method> <!-- launch -->
        <test-method status="PASS" signature="validateTitle()[pri:1, instance:way2SmsLogin.Test1@2a5ca609]" name="validateTitle" duration-ms="64" started-at="2018-06-22T18:08:33Z" finished-at="2018-06-22T18:08:33Z">
          <reporter-output>
          </reporter-output>
        </test-method> <!-- validateTitle -->
        <test-method status="PASS" signature="login()[pri:0, instance:way2SmsLogin.Test1@2a5ca609]" name="login" duration-ms="32016" started-at="2018-06-22T18:08:33Z" depends-on-methods="way2SmsLogin.Test1.validateTitle" finished-at="2018-06-22T18:09:05Z">
          <reporter-output>
          </reporter-output>
        </test-method> <!-- login -->
        <test-method status="PASS" signature="closeBrowser()[pri:3, instance:way2SmsLogin.Test1@2a5ca609]" name="closeBrowser" duration-ms="5407" started-at="2018-06-22T18:09:05Z" finished-at="2018-06-22T18:09:11Z">
          <reporter-output>
          </reporter-output>
        </test-method> <!-- closeBrowser -->
      </class> <!-- way2SmsLogin.Test1 -->
      <class name="way2SmsLogin.Test2">
        <test-method status="PASS" signature="launchGoogle()[pri:0, instance:way2SmsLogin.Test2@482f8f11]" name="launchGoogle" duration-ms="16549" started-at="2018-06-22T18:08:17Z" finished-at="2018-06-22T18:08:33Z">
          <reporter-output>
          </reporter-output>
        </test-method> <!-- launchGoogle -->
      </class> <!-- way2SmsLogin.Test2 -->
    </test> <!-- Test -->
  </suite> <!-- Suite -->
</testng-results>
